<?xml version="1.0" encoding="UTF-8"?>
<testsuite name="testproject.CalculatorTest" tests="2" skipped="0" failures="0" errors="0" timestamp="2021-12-05T08:06:51" hostname="DESKTOP-RO3D8NC" time="0.002">
  <properties/>
  <testcase name="testSum" classname="testproject.CalculatorTest" time="0.001"/>
  <testcase name="testSubtract" classname="testproject.CalculatorTest" time="0.0"/>
  <system-out><![CDATA[]]></system-out>
  <system-err><![CDATA[]]></system-err>
</testsuite>
